

Started GET "/" for ::1 at 2015-04-11 00:24:00 -0400
Processing by Rails::WelcomeController#index as HTML
  Rendered /Users/xiangpan/.rbenv/versions/2.2.0/lib/ruby/gems/2.2.0/gems/railties-4.2.0/lib/rails/templates/rails/welcome/index.html.erb (3.2ms)
Completed 200 OK in 139ms (Views: 109.2ms | ActiveRecord: 0.0ms)


Started GET "/" for ::1 at 2015-04-11 00:26:05 -0400
Processing by StaticPagesController#home as HTML
  Rendered static_pages/home.html.erb within layouts/application (2.0ms)
Completed 200 OK in 2106ms (Views: 2065.5ms | ActiveRecord: 0.0ms)


Started GET "/assets/static_pages-64e62ddc273c2f5847f30d698ca14b67.css?body=1" for ::1 at 2015-04-11 00:26:09 -0400


Started GET "/assets/jquery_ujs-e27bd20a10d28155845a22d71ef94f2f.js?body=1" for ::1 at 2015-04-11 00:26:09 -0400


Started GET "/assets/application-5266d2988799ecc8fe6e81eaab412e7d.css?body=1" for ::1 at 2015-04-11 00:26:09 -0400


Started GET "/assets/turbolinks-d9dcd5206ee131f11181e8ca09537148.js?body=1" for ::1 at 2015-04-11 00:26:09 -0400


Started GET "/assets/jquery-87424c3c19e96d4fb033c10ebe21ec40.js?body=1" for ::1 at 2015-04-11 00:26:09 -0400


Started GET "/assets/static_pages-fcec5b5a277ac7c20cc9f45a209a3bcd.js?body=1" for ::1 at 2015-04-11 00:26:09 -0400


Started GET "/assets/application-d77e26a9db634716dc7025f7c9ba9139.js?body=1" for ::1 at 2015-04-11 00:26:09 -0400


Started GET "/" for ::1 at 2015-04-11 00:31:23 -0400
Processing by StaticPagesController#home as HTML
  Rendered static_pages/home.html.erb within layouts/application (0.1ms)
Completed 200 OK in 376ms (Views: 375.1ms | ActiveRecord: 0.0ms)


Started GET "/assets/static_pages-64e62ddc273c2f5847f30d698ca14b67.css?body=1" for ::1 at 2015-04-11 00:31:24 -0400


Started GET "/assets/application-5266d2988799ecc8fe6e81eaab412e7d.css?body=1" for ::1 at 2015-04-11 00:31:24 -0400


Started GET "/assets/application-a60d600307c0d5746db57bda628220cb.js?body=1" for ::1 at 2015-04-11 00:31:24 -0400


Started GET "/assets/jquery-87424c3c19e96d4fb033c10ebe21ec40.js?body=1" for ::1 at 2015-04-11 00:31:24 -0400


Started GET "/assets/custom-12649e3885cdfce6b476db86b9024092.js?body=1" for ::1 at 2015-04-11 00:31:24 -0400


Started GET "/assets/jquery_ujs-e27bd20a10d28155845a22d71ef94f2f.js?body=1" for ::1 at 2015-04-11 00:31:24 -0400


Started GET "/assets/turbolinks-d9dcd5206ee131f11181e8ca09537148.js?body=1" for ::1 at 2015-04-11 00:31:24 -0400


Started GET "/assets/static_pages-fcec5b5a277ac7c20cc9f45a209a3bcd.js?body=1" for ::1 at 2015-04-11 00:31:24 -0400


Started GET "/" for ::1 at 2015-04-11 00:31:25 -0400
Processing by StaticPagesController#home as HTML
  Rendered static_pages/home.html.erb within layouts/application (0.1ms)
Completed 200 OK in 215ms (Views: 214.6ms | ActiveRecord: 0.0ms)


Started GET "/assets/jquery-87424c3c19e96d4fb033c10ebe21ec40.js?body=1" for ::1 at 2015-04-11 00:31:25 -0400


Started GET "/assets/static_pages-64e62ddc273c2f5847f30d698ca14b67.css?body=1" for ::1 at 2015-04-11 00:31:25 -0400


Started GET "/assets/application-5266d2988799ecc8fe6e81eaab412e7d.css?body=1" for ::1 at 2015-04-11 00:31:25 -0400


Started GET "/assets/custom-12649e3885cdfce6b476db86b9024092.js?body=1" for ::1 at 2015-04-11 00:31:25 -0400


Started GET "/assets/turbolinks-d9dcd5206ee131f11181e8ca09537148.js?body=1" for ::1 at 2015-04-11 00:31:25 -0400


Started GET "/assets/jquery_ujs-e27bd20a10d28155845a22d71ef94f2f.js?body=1" for ::1 at 2015-04-11 00:31:25 -0400


Started GET "/assets/static_pages-fcec5b5a277ac7c20cc9f45a209a3bcd.js?body=1" for ::1 at 2015-04-11 00:31:25 -0400


Started GET "/assets/application-a60d600307c0d5746db57bda628220cb.js?body=1" for ::1 at 2015-04-11 00:31:25 -0400


Started GET "/assets/application-5266d2988799ecc8fe6e81eaab412e7d.css?body=1" for ::1 at 2015-04-11 00:31:30 -0400


Started GET "/assets/static_pages-64e62ddc273c2f5847f30d698ca14b67.css?body=1" for ::1 at 2015-04-11 00:31:30 -0400


Started GET "/" for ::1 at 2015-04-11 00:32:52 -0400
Processing by StaticPagesController#home as HTML
  Rendered static_pages/home.html.erb within layouts/application (0.1ms)
Completed 200 OK in 284ms (Views: 282.9ms | ActiveRecord: 0.0ms)


Started GET "/assets/application-b4dab214859ac98013df8016a7d74a9a.js?body=1" for ::1 at 2015-04-11 00:32:52 -0400


Started GET "/assets/custom-eb76616f5d185a2a829fef0f56b69e7b.js?body=1" for ::1 at 2015-04-11 00:32:52 -0400


Started GET "/assets/application-5266d2988799ecc8fe6e81eaab412e7d.css?body=1" for ::1 at 2015-04-11 00:32:52 -0400


Started GET "/assets/static_pages-64e62ddc273c2f5847f30d698ca14b67.css?body=1" for ::1 at 2015-04-11 00:32:52 -0400


Started GET "/assets/jquery_ujs-e27bd20a10d28155845a22d71ef94f2f.js?body=1" for ::1 at 2015-04-11 00:32:52 -0400


Started GET "/assets/jquery-87424c3c19e96d4fb033c10ebe21ec40.js?body=1" for ::1 at 2015-04-11 00:32:52 -0400


Started GET "/assets/turbolinks-d9dcd5206ee131f11181e8ca09537148.js?body=1" for ::1 at 2015-04-11 00:32:52 -0400


Started GET "/assets/static_pages-fcec5b5a277ac7c20cc9f45a209a3bcd.js?body=1" for ::1 at 2015-04-11 00:32:53 -0400


Started GET "/" for ::1 at 2015-04-11 00:47:39 -0400
Processing by StaticPagesController#home as HTML
  Rendered static_pages/home.html.erb within layouts/application (1.0ms)
Completed 200 OK in 391ms (Views: 390.5ms | ActiveRecord: 0.0ms)


Started GET "/assets/custom-60b70bb727fca598a10cd67c1140e11f.js?body=1" for ::1 at 2015-04-11 00:47:40 -0400


Started GET "/assets/application-e23da65ebcf2abe02b1d4e7a400bace1.js?body=1" for ::1 at 2015-04-11 00:47:40 -0400


Started GET "/assets/static_pages-64e62ddc273c2f5847f30d698ca14b67.css?body=1" for ::1 at 2015-04-11 00:47:40 -0400


Started GET "/assets/application-5266d2988799ecc8fe6e81eaab412e7d.css?body=1" for ::1 at 2015-04-11 00:47:40 -0400


Started GET "/assets/turbolinks-d9dcd5206ee131f11181e8ca09537148.js?body=1" for ::1 at 2015-04-11 00:47:40 -0400


Started GET "/assets/jquery-87424c3c19e96d4fb033c10ebe21ec40.js?body=1" for ::1 at 2015-04-11 00:47:40 -0400


Started GET "/assets/jquery_ujs-e27bd20a10d28155845a22d71ef94f2f.js?body=1" for ::1 at 2015-04-11 00:47:40 -0400


Started GET "/assets/static_pages-fcec5b5a277ac7c20cc9f45a209a3bcd.js?body=1" for ::1 at 2015-04-11 00:47:40 -0400


Started GET "/" for ::1 at 2015-04-11 00:47:47 -0400
Processing by StaticPagesController#home as HTML
  Rendered static_pages/home.html.erb within layouts/application (0.0ms)
Completed 200 OK in 172ms (Views: 171.7ms | ActiveRecord: 0.0ms)


Started GET "/assets/custom-2298e5e4b0ff5a25b8019d2ada148730.js?body=1" for ::1 at 2015-04-11 00:47:48 -0400


Started GET "/assets/jquery-87424c3c19e96d4fb033c10ebe21ec40.js?body=1" for ::1 at 2015-04-11 00:47:48 -0400


Started GET "/assets/jquery_ujs-e27bd20a10d28155845a22d71ef94f2f.js?body=1" for ::1 at 2015-04-11 00:47:48 -0400


Started GET "/assets/static_pages-64e62ddc273c2f5847f30d698ca14b67.css?body=1" for ::1 at 2015-04-11 00:47:48 -0400


Started GET "/assets/application-55c95979e58963922dedf944ee0065b8.js?body=1" for ::1 at 2015-04-11 00:47:48 -0400


Started GET "/assets/application-5266d2988799ecc8fe6e81eaab412e7d.css?body=1" for ::1 at 2015-04-11 00:47:48 -0400


Started GET "/assets/turbolinks-d9dcd5206ee131f11181e8ca09537148.js?body=1" for ::1 at 2015-04-11 00:47:48 -0400


Started GET "/assets/static_pages-fcec5b5a277ac7c20cc9f45a209a3bcd.js?body=1" for ::1 at 2015-04-11 00:47:48 -0400


Started GET "/" for ::1 at 2015-04-11 00:47:56 -0400
Processing by StaticPagesController#home as HTML
  Rendered static_pages/home.html.erb within layouts/application (0.8ms)
Completed 200 OK in 97ms (Views: 96.8ms | ActiveRecord: 0.0ms)


Started GET "/assets/static_pages-64e62ddc273c2f5847f30d698ca14b67.css?body=1" for ::1 at 2015-04-11 00:47:56 -0400


Started GET "/assets/jquery_ujs-e27bd20a10d28155845a22d71ef94f2f.js?body=1" for ::1 at 2015-04-11 00:47:56 -0400


Started GET "/assets/custom-2298e5e4b0ff5a25b8019d2ada148730.js?body=1" for ::1 at 2015-04-11 00:47:56 -0400


Started GET "/assets/turbolinks-d9dcd5206ee131f11181e8ca09537148.js?body=1" for ::1 at 2015-04-11 00:47:56 -0400


Started GET "/assets/application-5266d2988799ecc8fe6e81eaab412e7d.css?body=1" for ::1 at 2015-04-11 00:47:56 -0400


Started GET "/assets/jquery-87424c3c19e96d4fb033c10ebe21ec40.js?body=1" for ::1 at 2015-04-11 00:47:56 -0400


Started GET "/assets/static_pages-fcec5b5a277ac7c20cc9f45a209a3bcd.js?body=1" for ::1 at 2015-04-11 00:47:56 -0400


Started GET "/assets/application-55c95979e58963922dedf944ee0065b8.js?body=1" for ::1 at 2015-04-11 00:47:56 -0400


Started GET "/" for ::1 at 2015-04-11 01:02:54 -0400
Processing by StaticPagesController#home as HTML
  Rendered static_pages/home.html.erb within layouts/application (3.6ms)
Completed 200 OK in 524ms (Views: 495.0ms | ActiveRecord: 0.0ms)


Started GET "/assets/application-47759872b7c1b60b0f25501da7adf381.css?body=1" for ::1 at 2015-04-11 01:02:55 -0400


Started GET "/assets/jquery-87424c3c19e96d4fb033c10ebe21ec40.js?body=1" for ::1 at 2015-04-11 01:02:55 -0400


Started GET "/assets/jquery_ujs-e27bd20a10d28155845a22d71ef94f2f.js?body=1" for ::1 at 2015-04-11 01:02:55 -0400


Started GET "/assets/application-9619e8282f52eaf36f16c60e115e03d1.js?body=1" for ::1 at 2015-04-11 01:02:55 -0400


Started GET "/assets/custom-2b62b12d235c79e611459f8e568c429a.js?body=1" for ::1 at 2015-04-11 01:02:55 -0400


Started GET "/assets/custom-65e3c9fa3e948a1d95d3a8beb8954fa6.css?body=1" for ::1 at 2015-04-11 01:02:55 -0400


Started GET "/assets/static_pages-64e62ddc273c2f5847f30d698ca14b67.css?body=1" for ::1 at 2015-04-11 01:02:55 -0400


Started GET "/assets/static_pages-fcec5b5a277ac7c20cc9f45a209a3bcd.js?body=1" for ::1 at 2015-04-11 01:02:55 -0400


Started GET "/assets/turbolinks-d9dcd5206ee131f11181e8ca09537148.js?body=1" for ::1 at 2015-04-11 01:02:55 -0400


Started GET "/" for ::1 at 2015-04-11 01:03:00 -0400
Processing by StaticPagesController#home as HTML
  Rendered static_pages/home.html.erb within layouts/application (0.1ms)
Completed 200 OK in 89ms (Views: 88.3ms | ActiveRecord: 0.0ms)


Started GET "/assets/static_pages-64e62ddc273c2f5847f30d698ca14b67.css?body=1" for ::1 at 2015-04-11 01:03:00 -0400


Started GET "/assets/turbolinks-d9dcd5206ee131f11181e8ca09537148.js?body=1" for ::1 at 2015-04-11 01:03:00 -0400


Started GET "/assets/application-47759872b7c1b60b0f25501da7adf381.css?body=1" for ::1 at 2015-04-11 01:03:00 -0400


Started GET "/assets/jquery_ujs-e27bd20a10d28155845a22d71ef94f2f.js?body=1" for ::1 at 2015-04-11 01:03:00 -0400


Started GET "/assets/jquery-87424c3c19e96d4fb033c10ebe21ec40.js?body=1" for ::1 at 2015-04-11 01:03:00 -0400


Started GET "/assets/custom-65e3c9fa3e948a1d95d3a8beb8954fa6.css?body=1" for ::1 at 2015-04-11 01:03:00 -0400


Started GET "/assets/custom-2b62b12d235c79e611459f8e568c429a.js?body=1" for ::1 at 2015-04-11 01:03:00 -0400


Started GET "/assets/static_pages-fcec5b5a277ac7c20cc9f45a209a3bcd.js?body=1" for ::1 at 2015-04-11 01:03:00 -0400


Started GET "/assets/application-9619e8282f52eaf36f16c60e115e03d1.js?body=1" for ::1 at 2015-04-11 01:03:00 -0400


Started GET "/assets/static_pages-64e62ddc273c2f5847f30d698ca14b67.css?body=1" for ::1 at 2015-04-11 01:03:12 -0400


Started GET "/assets/custom-65e3c9fa3e948a1d95d3a8beb8954fa6.css?body=1" for ::1 at 2015-04-11 01:03:12 -0400


Started GET "/assets/application-47759872b7c1b60b0f25501da7adf381.css?body=1" for ::1 at 2015-04-11 01:03:12 -0400


Started GET "/" for ::1 at 2015-04-11 01:10:22 -0400
Processing by StaticPagesController#home as HTML
  Rendered static_pages/home.html.erb within layouts/application (1.7ms)
Completed 200 OK in 295ms (Views: 262.3ms | ActiveRecord: 0.0ms)


Started GET "/assets/custom-65e3c9fa3e948a1d95d3a8beb8954fa6.css?body=1" for ::1 at 2015-04-11 01:10:23 -0400


Started GET "/assets/jquery-87424c3c19e96d4fb033c10ebe21ec40.js?body=1" for ::1 at 2015-04-11 01:10:23 -0400


Started GET "/assets/static_pages-64e62ddc273c2f5847f30d698ca14b67.css?body=1" for ::1 at 2015-04-11 01:10:23 -0400


Started GET "/assets/application-47759872b7c1b60b0f25501da7adf381.css?body=1" for ::1 at 2015-04-11 01:10:23 -0400


Started GET "/assets/jquery_ujs-e27bd20a10d28155845a22d71ef94f2f.js?body=1" for ::1 at 2015-04-11 01:10:23 -0400


Started GET "/assets/turbolinks-d9dcd5206ee131f11181e8ca09537148.js?body=1" for ::1 at 2015-04-11 01:10:23 -0400


Started GET "/assets/custom-2b62b12d235c79e611459f8e568c429a.js?body=1" for ::1 at 2015-04-11 01:10:23 -0400


Started GET "/assets/application-9619e8282f52eaf36f16c60e115e03d1.js?body=1" for ::1 at 2015-04-11 01:10:23 -0400


Started GET "/assets/static_pages-fcec5b5a277ac7c20cc9f45a209a3bcd.js?body=1" for ::1 at 2015-04-11 01:10:23 -0400


Started GET "/" for ::1 at 2015-04-11 01:14:50 -0400
Processing by StaticPagesController#home as HTML
  Rendered static_pages/home.html.erb within layouts/application (1.8ms)
Completed 200 OK in 579ms (Views: 549.3ms | ActiveRecord: 0.0ms)


Started GET "/assets/hammer-e62fa5c59ad78df8848b7f4efa88d990.js?body=1" for ::1 at 2015-04-11 01:14:51 -0400


Started GET "/assets/custom-65e3c9fa3e948a1d95d3a8beb8954fa6.css?body=1" for ::1 at 2015-04-11 01:14:51 -0400


Started GET "/assets/static_pages-64e62ddc273c2f5847f30d698ca14b67.css?body=1" for ::1 at 2015-04-11 01:14:51 -0400


Started GET "/assets/jquery-87424c3c19e96d4fb033c10ebe21ec40.js?body=1" for ::1 at 2015-04-11 01:14:51 -0400


Started GET "/assets/turbolinks-d9dcd5206ee131f11181e8ca09537148.js?body=1" for ::1 at 2015-04-11 01:14:51 -0400


Started GET "/assets/application-c9f4a838251ae86c99071bac1e466d50.js?body=1" for ::1 at 2015-04-11 01:14:51 -0400


Started GET "/assets/application-47759872b7c1b60b0f25501da7adf381.css?body=1" for ::1 at 2015-04-11 01:14:51 -0400


Started GET "/assets/jquery_ujs-e27bd20a10d28155845a22d71ef94f2f.js?body=1" for ::1 at 2015-04-11 01:14:51 -0400


Started GET "/assets/custom-2b62b12d235c79e611459f8e568c429a.js?body=1" for ::1 at 2015-04-11 01:14:51 -0400


Started GET "/assets/static_pages-fcec5b5a277ac7c20cc9f45a209a3bcd.js?body=1" for ::1 at 2015-04-11 01:14:51 -0400
